# JRE version: Java(TM) SE Runtime Environment (8.0_161-b12) (build 1.8.0_161-b12)
# Java VM: Java HotSpot(TM) 64-Bit Server VM (25.161-b12 mixed mode linux-amd64 compressed oops)
Heap:
 PSYoungGen      total 385536K, used 6405K [0x00000000d7100000, 0x00000000f3300000, 0x0000000100000000)
  eden space 360448K, 1% used [0x00000000d7100000,0x00000000d7741580,0x00000000ed100000)
  from space 25088K, 0% used [0x00000000eea80000,0x00000000eea80000,0x00000000f0300000)
  to   space 26112K, 0% used [0x00000000ed100000,0x00000000ed100000,0x00000000eea80000)
 ParOldGen       total 114688K, used 44383K [0x0000000085200000, 0x000000008c200000, 0x00000000d7100000)
  object space 114688K, 38% used [0x0000000085200000,0x0000000087d57dd8,0x000000008c200000)
 Metaspace       used 35582K, capacity 36034K, committed 36392K, reserved 1081344K
  class space    used 4289K, capacity 4409K, committed 4480K, reserved 1048576K
GC Heap History (10 events):
Event: 1,538 GC heap before
{Heap before GC invocations=6 (full 1):
 PSYoungGen      total 132096K, used 5107K [0x00000000d7100000, 0x00000000e7e00000, 0x0000000100000000)
  eden space 126976K, 0% used [0x00000000d7100000,0x00000000d7100000,0x00000000ded00000)
  from space 5120K, 99% used [0x00000000ded00000,0x00000000df1fcd20,0x00000000df200000)
  to   space 10752K, 0% used [0x00000000e7380000,0x00000000e7380000,0x00000000e7e00000)
 ParOldGen       total 84992K, used 9109K [0x0000000085200000, 0x000000008a500000, 0x00000000d7100000)
  object space 84992K, 10% used [0x0000000085200000,0x0000000085ae54f8,0x000000008a500000)
 Metaspace       used 20846K, capacity 21152K, committed 21296K, reserved 1069056K
  class space    used 2595K, capacity 2667K, committed 2688K, reserved 1048576K
Event: 1,572 GC heap after
Heap after GC invocations=6 (full 1):
 PSYoungGen      total 132096K, used 0K [0x00000000d7100000, 0x00000000e7e00000, 0x0000000100000000)
  eden space 126976K, 0% used [0x00000000d7100000,0x00000000d7100000,0x00000000ded00000)
  from space 5120K, 0% used [0x00000000ded00000,0x00000000ded00000,0x00000000df200000)
  to   space 10752K, 0% used [0x00000000e7380000,0x00000000e7380000,0x00000000e7e00000)
 ParOldGen       total 56320K, used 11174K [0x0000000085200000, 0x0000000088900000, 0x00000000d7100000)
  object space 56320K, 19% used [0x0000000085200000,0x0000000085ce9ab8,0x0000000088900000)
 Metaspace       used 20846K, capacity 21152K, committed 21296K, reserved 1069056K
  class space    used 2595K, capacity 2667K, committed 2688K, reserved 1048576K
}
Event: 1,960 GC heap before
{Heap before GC invocations=7 (full 1):
 PSYoungGen      total 132096K, used 126976K [0x00000000d7100000, 0x00000000e7e00000, 0x0000000100000000)
  eden space 126976K, 100% used [0x00000000d7100000,0x00000000ded00000,0x00000000ded00000)
  from space 5120K, 0% used [0x00000000ded00000,0x00000000ded00000,0x00000000df200000)
  to   space 10752K, 0% used [0x00000000e7380000,0x00000000e7380000,0x00000000e7e00000)
 ParOldGen       total 56320K, used 11174K [0x0000000085200000, 0x0000000088900000, 0x00000000d7100000)
  object space 56320K, 19% used [0x0000000085200000,0x0000000085ce9ab8,0x0000000088900000)
 Metaspace       used 25402K, capacity 25752K, committed 25856K, reserved 1071104K
  class space    used 3178K, capacity 3279K, committed 3328K, reserved 1048576K
Event: 1,966 GC heap after
Heap after GC invocations=7 (full 1):
 PSYoungGen      total 226816K, used 9991K [0x00000000d7100000, 0x00000000e7d80000, 0x0000000100000000)
  eden space 216576K, 0% used [0x00000000d7100000,0x00000000d7100000,0x00000000e4480000)
  from space 10240K, 97% used [0x00000000e7380000,0x00000000e7d41fd8,0x00000000e7d80000)
  to   space 11776K, 0% used [0x00000000e6680000,0x00000000e6680000,0x00000000e7200000)
 ParOldGen       total 56320K, used 11182K [0x0000000085200000, 0x0000000088900000, 0x00000000d7100000)
  object space 56320K, 19% used [0x0000000085200000,0x0000000085cebab8,0x0000000088900000)
 Metaspace       used 25402K, capacity 25752K, committed 25856K, reserved 1071104K
  class space    used 3178K, capacity 3279K, committed 3328K, reserved 1048576K
}
Event: 3,189 GC heap before
{Heap before GC invocations=8 (full 1):
 PSYoungGen      total 226816K, used 226567K [0x00000000d7100000, 0x00000000e7d80000, 0x0000000100000000)
  eden space 216576K, 100% used [0x00000000d7100000,0x00000000e4480000,0x00000000e4480000)
  from space 10240K, 97% used [0x00000000e7380000,0x00000000e7d41fd8,0x00000000e7d80000)
  to   space 11776K, 0% used [0x00000000e6680000,0x00000000e6680000,0x00000000e7200000)
 ParOldGen       total 56320K, used 11182K [0x0000000085200000, 0x0000000088900000, 0x00000000d7100000)
  object space 56320K, 19% used [0x0000000085200000,0x0000000085cebab8,0x0000000088900000)
 Metaspace       used 29746K, capacity 30132K, committed 30336K, reserved 1075200K
  class space    used 3620K, capacity 3705K, committed 3712K, reserved 1048576K
Event: 3,215 GC heap after
Heap after GC invocations=8 (full 1):
 PSYoungGen      total 263168K, used 11746K [0x00000000d7100000, 0x00000000f0300000, 0x0000000100000000)
  eden space 251392K, 0% used [0x00000000d7100000,0x00000000d7100000,0x00000000e6680000)
  from space 11776K, 99% used [0x00000000e6680000,0x00000000e71f89f8,0x00000000e7200000)
  to   space 25088K, 0% used [0x00000000eea80000,0x00000000eea80000,0x00000000f0300000)
 ParOldGen       total 56320K, used 34400K [0x0000000085200000, 0x0000000088900000, 0x00000000d7100000)
  object space 56320K, 61% used [0x0000000085200000,0x0000000087398158,0x0000000088900000)
 Metaspace       used 29746K, capacity 30132K, committed 30336K, reserved 1075200K
  class space    used 3620K, capacity 3705K, committed 3712K, reserved 1048576K
}
Event: 4,815 GC heap before
{Heap before GC invocations=9 (full 1):
 PSYoungGen      total 263168K, used 194283K [0x00000000d7100000, 0x00000000f0300000, 0x0000000100000000)
  eden space 251392K, 72% used [0x00000000d7100000,0x00000000e23423b8,0x00000000e6680000)
  from space 11776K, 99% used [0x00000000e6680000,0x00000000e71f89f8,0x00000000e7200000)
  to   space 25088K, 0% used [0x00000000eea80000,0x00000000eea80000,0x00000000f0300000)
 ParOldGen       total 56320K, used 34400K [0x0000000085200000, 0x0000000088900000, 0x00000000d7100000)
  object space 56320K, 61% used [0x0000000085200000,0x0000000087398158,0x0000000088900000)
 Metaspace       used 34927K, capacity 35296K, committed 35496K, reserved 1081344K
  class space    used 4207K, capacity 4312K, committed 4352K, reserved 1048576K
Event: 4,837 GC heap after
Heap after GC invocations=9 (full 1):
 PSYoungGen      total 385536K, used 17185K [0x00000000d7100000, 0x00000000f3300000, 0x0000000100000000)
  eden space 360448K, 0% used [0x00000000d7100000,0x00000000d7100000,0x00000000ed100000)
  from space 25088K, 68% used [0x00000000eea80000,0x00000000efb48470,0x00000000f0300000)
  to   space 26112K, 0% used [0x00000000ed100000,0x00000000ed100000,0x00000000eea80000)
 ParOldGen       total 56320K, used 34408K [0x0000000085200000, 0x0000000088900000, 0x00000000d7100000)
  object space 56320K, 61% used [0x0000000085200000,0x000000008739a158,0x0000000088900000)
 Metaspace       used 34927K, capacity 35296K, committed 35496K, reserved 1081344K
  class space    used 4207K, capacity 4312K, committed 4352K, reserved 1048576K
}
Event: 4,837 GC heap before
{Heap before GC invocations=10 (full 2):
 PSYoungGen      total 385536K, used 17185K [0x00000000d7100000, 0x00000000f3300000, 0x0000000100000000)
  eden space 360448K, 0% used [0x00000000d7100000,0x00000000d7100000,0x00000000ed100000)
  from space 25088K, 68% used [0x00000000eea80000,0x00000000efb48470,0x00000000f0300000)
  to   space 26112K, 0% used [0x00000000ed100000,0x00000000ed100000,0x00000000eea80000)
 ParOldGen       total 56320K, used 34408K [0x0000000085200000, 0x0000000088900000, 0x00000000d7100000)
  object space 56320K, 61% used [0x0000000085200000,0x000000008739a158,0x0000000088900000)
 Metaspace       used 34927K, capacity 35296K, committed 35496K, reserved 1081344K
  class space    used 4207K, capacity 4312K, committed 4352K, reserved 1048576K
Event: 4,908 GC heap after
Heap after GC invocations=10 (full 2):
 PSYoungGen      total 385536K, used 0K [0x00000000d7100000, 0x00000000f3300000, 0x0000000100000000)
  eden space 360448K, 0% used [0x00000000d7100000,0x00000000d7100000,0x00000000ed100000)
  from space 25088K, 0% used [0x00000000eea80000,0x00000000eea80000,0x00000000f0300000)
  to   space 26112K, 0% used [0x00000000ed100000,0x00000000ed100000,0x00000000eea80000)
 ParOldGen       total 114688K, used 44383K [0x0000000085200000, 0x000000008c200000, 0x00000000d7100000)
  object space 114688K, 38% used [0x0000000085200000,0x0000000087d57dd8,0x000000008c200000)
 Metaspace       used 34927K, capacity 35296K, committed 35496K, reserved 1081344K
  class space    used 4207K, capacity 4312K, committed 4352K, reserved 1048576K
}

